<?xml version="1.0" encoding="UTF-8"?>
<testsuite xmlns:xsi="http://www.w3.org/2001/XMLSchema-instance" xsi:noNamespaceSchemaLocation="https://maven.apache.org/surefire/maven-surefire-plugin/xsd/surefire-test-report-3.0.xsd" version="3.0" name="com.hrm.hrm.HrmApplicationTests" time="7.387" tests="1" errors="0" skipped="0" failures="0">
  <properties>
[...]
</properties>
  <testcase name="contextLoads" classname="com.hrm.hrm.HrmApplicationTests" time="0.382">
    <system-out><![CDATA[22:27:55.498 [main] INFO org.springframework.test.context.support.AnnotationConfigContextLoaderUtils -- Could not detect default configuration classes for test class [com.hrm.hrm.HrmApplicationTests]: HrmApplicationTests does not declare any static, non-private, non-final, nested classes annotated with @Configuration.
22:27:55.619 [main] INFO org.springframework.boot.test.context.SpringBootTestContextBootstrapper -- Found @SpringBootConfiguration com.hrm.HrmApplication for test class com.hrm.hrm.HrmApplicationTests
  .   ____          _            __ _ _
 /\\ / ___'_ __ _ _(_)_ __  __ _ \ \ \ \
( ( )\___ | '_ | '_| | '_ \/ _` | \ \ \ \
 \\/  ___)| |_)| | | | | || (_| |  ) ) ) )
  '  |____| .__|_| |_|_| |_\__, | / / / /
 =========|_|==============|___/=/_/_/_/

 :: Spring Boot ::                (v3.3.0)

2024-11-30T22:27:56.024+07:00  INFO 13272 --- [           main] com.hrm.hrm.HrmApplicationTests          : Starting HrmApplicationTests using Java 21.0.3 with PID 13272 (started by dinht in D:\Spring Boot\HRM\hrm)
2024-11-30T22:27:56.025+07:00  INFO 13272 --- [           main] com.hrm.hrm.HrmApplicationTests          : No active profile set, falling back to 1 default profile: "default"
2024-11-30T22:27:57.023+07:00  INFO 13272 --- [           main] .s.d.r.c.RepositoryConfigurationDelegate : Bootstrapping Spring Data JPA repositories in DEFAULT mode.
2024-11-30T22:27:57.166+07:00  INFO 13272 --- [           main] .s.d.r.c.RepositoryConfigurationDelegate : Finished Spring Data repository scanning in 136 ms. Found 24 JPA repository interfaces.
2024-11-30T22:27:57.827+07:00  INFO 13272 --- [           main] o.hibernate.jpa.internal.util.LogHelper  : HHH000204: Processing PersistenceUnitInfo [name: default]
2024-11-30T22:27:57.908+07:00  INFO 13272 --- [           main] org.hibernate.Version                    : HHH000412: Hibernate ORM core version 6.5.2.Final
2024-11-30T22:27:57.941+07:00  INFO 13272 --- [           main] o.h.c.internal.RegionFactoryInitiator    : HHH000026: Second-level cache disabled
2024-11-30T22:27:58.262+07:00  INFO 13272 --- [           main] o.s.o.j.p.SpringPersistenceUnitInfo      : No LoadTimeWeaver setup: ignoring JPA class transformer
2024-11-30T22:27:58.293+07:00  INFO 13272 --- [           main] com.zaxxer.hikari.HikariDataSource       : HikariPool-1 - Starting...
2024-11-30T22:27:58.625+07:00  INFO 13272 --- [           main] com.zaxxer.hikari.pool.HikariPool        : HikariPool-1 - Added connection com.mysql.cj.jdbc.ConnectionImpl@160546b1
2024-11-30T22:27:58.627+07:00  INFO 13272 --- [           main] com.zaxxer.hikari.HikariDataSource       : HikariPool-1 - Start completed.
2024-11-30T22:27:58.668+07:00  WARN 13272 --- [           main] org.hibernate.orm.deprecation            : HHH90000025: MySQL8Dialect does not need to be specified explicitly using 'hibernate.dialect' (remove the property setting and it will be selected by default)
2024-11-30T22:27:58.669+07:00  WARN 13272 --- [           main] org.hibernate.orm.deprecation            : HHH90000026: MySQL8Dialect has been deprecated; use org.hibernate.dialect.MySQLDialect instead
2024-11-30T22:27:59.801+07:00  INFO 13272 --- [           main] o.h.e.t.j.p.i.JtaPlatformInitiator       : HHH000489: No JTA platform available (set 'hibernate.transaction.jta.platform' to enable JTA platform integration)
2024-11-30T22:27:59.804+07:00  INFO 13272 --- [           main] j.LocalContainerEntityManagerFactoryBean : Initialized JPA EntityManagerFactory for persistence unit 'default'
2024-11-30T22:28:00.105+07:00  INFO 13272 --- [           main] o.s.d.j.r.query.QueryEnhancerFactory     : Hibernate is in classpath; If applicable, HQL parser will be used.
2024-11-30T22:28:01.520+07:00  WARN 13272 --- [           main] JpaBaseConfiguration$JpaWebConfiguration : spring.jpa.open-in-view is enabled by default. Therefore, database queries may be performed during view rendering. Explicitly configure spring.jpa.open-in-view to disable this warning
2024-11-30T22:28:01.896+07:00  INFO 13272 --- [           main] o.s.s.web.DefaultSecurityFilterChain     : Will secure any request with [org.springframework.security.web.session.DisableEncodeUrlFilter@7d32399a, org.springframework.security.web.context.request.async.WebAsyncManagerIntegrationFilter@483381ea, org.springframework.security.web.context.SecurityContextHolderFilter@2966bca2, org.springframework.security.web.header.HeaderWriterFilter@2a3e1e53, org.springframework.web.filter.CorsFilter@499d1026, org.springframework.security.web.authentication.logout.LogoutFilter@248cc861, org.springframework.security.oauth2.server.resource.web.authentication.BearerTokenAuthenticationFilter@23d45f7d, org.springframework.security.web.savedrequest.RequestCacheAwareFilter@6da0228a, org.springframework.security.web.servletapi.SecurityContextHolderAwareRequestFilter@2a5129f3, org.springframework.security.web.authentication.AnonymousAuthenticationFilter@74213bb4, org.springframework.security.web.access.ExceptionTranslationFilter@950a833, org.springframework.security.web.access.intercept.AuthorizationFilter@5b1b1b10]
2024-11-30T22:28:02.202+07:00  INFO 13272 --- [           main] o.s.m.s.b.SimpleBrokerMessageHandler     : Starting...
2024-11-30T22:28:02.203+07:00  INFO 13272 --- [           main] o.s.m.s.b.SimpleBrokerMessageHandler     : BrokerAvailabilityEvent[available=true, SimpleBrokerMessageHandler [org.springframework.messaging.simp.broker.DefaultSubscriptionRegistry@78887bee]]
2024-11-30T22:28:02.204+07:00  INFO 13272 --- [           main] o.s.m.s.b.SimpleBrokerMessageHandler     : Started.
2024-11-30T22:28:02.211+07:00  INFO 13272 --- [           main] com.hrm.hrm.HrmApplicationTests          : Started HrmApplicationTests in 6.461 seconds (process running for 7.364)
Hibernate: select u1_0.id,u1_0.employee_id,u1_0.password,u1_0.role_name,u1_0.status,u1_0.username from user u1_0 where u1_0.username=?
Hibernate: select e1_0.id,e1_0.birth_date,d1_0.id,d1_0.name,oi1_0.id,oi1_0.address,oi1_0.email,oi1_0.name,oi1_0.phone,oi1_0.status,d1_0.short_name,d1_0.status,e1_0.email,f1_0.id,f1_0.name,f1_0.salary_formula,f1_0.status,e1_0.gender,e1_0.hour_off,e1_0.image,e1_0.joined_date,e1_0.lateness,e1_0.name,e1_0.phone_number,e1_0.shift_id,e1_0.timekeeping,e1_0.vacation_hours,e1_0.vacation_time from employee e1_0 left join department d1_0 on d1_0.id=e1_0.department_id left join officei oi1_0 on oi1_0.id=d1_0.officei_id left join formula f1_0 on f1_0.id=e1_0.formula_id where e1_0.id=?
Hibernate: select r1_0.name,r1_0.des from role r1_0 where r1_0.name=?
]]></system-out>
    <system-err><![CDATA[WARNING: A Java agent has been loaded dynamically (C:\Users\dinht\.m2\repository\net\bytebuddy\byte-buddy-agent\1.14.16\byte-buddy-agent-1.14.16.jar)
WARNING: If a serviceability tool is in use, please run with -XX:+EnableDynamicAgentLoading to hide this warning
WARNING: If a serviceability tool is not in use, please run with -Djdk.instrument.traceUsage for more information
WARNING: Dynamic loading of agents will be disallowed by default in a future release
]]></system-err>
  </testcase>
</testsuite>